2026-01-21 11:30:10,375 [Worker-6: Loading available Gradle versions] INFO  o.e.b.c.i.u.g.PublishedGradleVersions - Gradle version information cache is not available. Remote download required.
2026-01-21 11:30:31,657 [Worker-0: Update Maven projects configuration] INFO  o.e.m.c.i.p.ProjectConfigurationManager - Update started
2026-01-21 11:30:33,504 [Worker-0: Update Maven projects configuration] INFO  o.e.m.c.i.l.LifecycleMappingFactory - Using org.eclipse.m2e.jdt.JarLifecycleMapping lifecycle mapping for MavenProject: com.example:P06_Messmate:0.0.1-SNAPSHOT @ D:\cdac\Project\P06_Messmate\target\classes\META-INF\maven\com.example\P06_Messmate\pom.xml.
2026-01-21 11:30:36,140 [Worker-0: Update Maven projects configuration] INFO  o.e.m.j.i.AbstractJavaProjectConfigurator - Adding source folder /P06_Messmate/src/main/java
2026-01-21 11:30:36,145 [Worker-0: Update Maven projects configuration] INFO  o.e.m.j.i.AbstractJavaProjectConfigurator - Adding resource folder /P06_Messmate/src/main/resources
2026-01-21 11:30:36,148 [Worker-0: Update Maven projects configuration] INFO  o.e.m.j.i.AbstractJavaProjectConfigurator - Adding resource folder /P06_Messmate/src/main/resources
2026-01-21 11:30:36,149 [Worker-0: Update Maven projects configuration] INFO  o.e.m.j.i.AbstractJavaProjectConfigurator - Adding source folder /P06_Messmate/src/test/java
2026-01-21 11:30:36,150 [Worker-0: Update Maven projects configuration] INFO  o.e.m.j.i.AbstractJavaProjectConfigurator - Adding resource folder /P06_Messmate/src/test/resources
2026-01-21 11:30:37,162 [Worker-1: Updating Maven Dependencies] INFO  o.e.m.c.i.l.LifecycleMappingFactory - Using org.eclipse.m2e.jdt.JarLifecycleMapping lifecycle mapping for MavenProject: com.example:P06_Messmate:0.0.1-SNAPSHOT @ D:\cdac\Project\P06_Messmate\backend\pom.xml.
2026-01-21 11:30:37,336 [Worker-13: Building] INFO  o.a.m.s.f.DefaultMavenResourcesFiltering - skip non existing resourceDirectory D:\cdac\Project\P06_Messmate\target\classes\META-INF\maven\com.example\P06_Messmate\src\main\resources
2026-01-21 11:30:37,337 [Worker-13: Building] INFO  o.a.m.s.f.DefaultMavenResourcesFiltering - skip non existing resourceDirectory D:\cdac\Project\P06_Messmate\target\classes\META-INF\maven\com.example\P06_Messmate\src\main\resources
2026-01-21 11:30:37,343 [Worker-13: Building] INFO  o.a.m.s.f.DefaultMavenResourcesFiltering - skip non existing resourceDirectory D:\cdac\Project\P06_Messmate\target\classes\META-INF\maven\com.example\P06_Messmate\src\test\resources
2026-01-21 11:30:38,179 [Worker-0: Update Maven projects configuration] INFO  o.e.m.c.i.p.ProjectConfigurationManager - Update completed for 1 poms: local refresh takes 0.00 sec, refresh facades takes 3.00 sec, update config takes 2.00 sec 
2026-01-21 11:30:38,418 [Worker-8: Building] INFO  o.a.m.s.f.DefaultMavenResourcesFiltering - skip non existing resourceDirectory D:\cdac\Project\P06_Messmate\target\classes\META-INF\maven\com.example\P06_Messmate\src\main\resources
2026-01-21 11:30:38,419 [Worker-8: Building] INFO  o.a.m.s.f.DefaultMavenResourcesFiltering - skip non existing resourceDirectory D:\cdac\Project\P06_Messmate\target\classes\META-INF\maven\com.example\P06_Messmate\src\main\resources
2026-01-21 11:30:38,422 [Worker-8: Building] INFO  o.a.m.s.f.DefaultMavenResourcesFiltering - skip non existing resourceDirectory D:\cdac\Project\P06_Messmate\target\classes\META-INF\maven\com.example\P06_Messmate\src\test\resources
2026-01-21 11:30:40,408 [Worker-13: Building] INFO  o.a.m.s.f.DefaultMavenResourcesFiltering - Copying 1 resource from src\main\resources to target\classes
2026-01-21 11:30:40,427 [Worker-13: Building] INFO  o.a.m.s.f.DefaultMavenResourcesFiltering - Copying 0 resource from src\main\resources to target\classes
2026-01-21 11:30:40,431 [Worker-13: Building] INFO  o.a.m.s.f.DefaultMavenResourcesFiltering - skip non existing resourceDirectory D:\cdac\Project\P06_Messmate\backend\src\test\resources
2026-01-22 16:01:22,681 [Worker-8: Loading available Gradle versions] INFO  o.e.b.c.i.u.g.PublishedGradleVersions - Gradle version information cache is out-of-date. Trying to update.
2026-01-22 17:01:42,241 [Worker-5: Loading available Gradle versions] INFO  o.e.b.c.i.u.g.PublishedGradleVersions - Gradle version information cache is up-to-date. Trying to read.
